2025-02-23 16:56:48 [TestNG-PoolService-1] INFO  hooks.Hooks - Starting scenario: Login from feature: Login.feature
2025-02-23 16:56:48 [TestNG-PoolService-0] INFO  hooks.Hooks - Starting scenario: Login from feature: Login.feature
2025-02-23 16:56:48 [TestNG-PoolService-0] INFO  utils.TestDataRepository - Reading test data for feature: Login.feature, scenario: Login
2025-02-23 16:56:48 [TestNG-PoolService-1] INFO  utils.TestDataRepository - Reading test data for feature: Login.feature, scenario: Login
2025-02-23 16:56:49 [TestNG-PoolService-1] INFO  utils.TestDataRepository - Successfully read test data for scenario: Login
2025-02-23 16:56:49 [TestNG-PoolService-0] INFO  utils.TestDataRepository - Successfully read test data for scenario: Login
2025-02-23 16:56:52 [TestNG-PoolService-1] INFO  utils.BrowserManager - Initialized WebDriver for thread: 18
2025-02-23 16:56:52 [TestNG-PoolService-0] INFO  utils.BrowserManager - Initialized WebDriver for thread: 17
2025-02-23 16:56:52 [TestNG-PoolService-1] INFO  pages.LoginPage - Initialized LoginPage for thread: 18
2025-02-23 16:56:52 [TestNG-PoolService-0] INFO  pages.LoginPage - Initialized LoginPage for thread: 17
2025-02-23 16:56:52 [TestNG-PoolService-1] INFO  stepdefinitions.LoginSteps - Initialized LoginSteps with test data: 1 rows
2025-02-23 16:56:52 [TestNG-PoolService-0] INFO  stepdefinitions.LoginSteps - Initialized LoginSteps with test data: 1 rows
2025-02-23 16:56:52 [TestNG-PoolService-1] INFO  pages.LoginPage - Navigating to login page: https://practicetestautomation.com/practice-test-login/
2025-02-23 16:56:52 [TestNG-PoolService-0] INFO  pages.LoginPage - Navigating to login page: https://practicetestautomation.com/practice-test-login/
2025-02-23 16:56:56 [TestNG-PoolService-0] INFO  pages.LoginPage - Entered username: student
2025-02-23 16:56:57 [TestNG-PoolService-0] INFO  pages.LoginPage - Entered password: Password123
2025-02-23 16:56:57 [TestNG-PoolService-1] INFO  pages.LoginPage - Entered username: student
2025-02-23 16:56:57 [TestNG-PoolService-1] INFO  pages.LoginPage - Entered password: Password123
2025-02-23 16:56:58 [TestNG-PoolService-0] INFO  pages.LoginPage - Clicked login button
2025-02-23 16:56:58 [TestNG-PoolService-0] INFO  pages.LoginPage - Dashboard is displayed
2025-02-23 16:56:58 [TestNG-PoolService-0] INFO  utils.TestDataRepository - Writing test data to Excel for feature: Login.feature, scenario: Successful login with valid credentials
2025-02-23 16:56:58 [TestNG-PoolService-0] ERROR utils.TestDataRepository - Error writing test data to src/test/resources/testdata/Login.xlsx
java.lang.IllegalArgumentException: The workbook already contains a sheet named 'Successful login with valid credentials'
	at org.apache.poi.xssf.usermodel.XSSFWorkbook.validateSheetName(XSSFWorkbook.java:914) ~[poi-ooxml-4.1.2.jar:4.1.2]
	at org.apache.poi.xssf.usermodel.XSSFWorkbook.createSheet(XSSFWorkbook.java:867) ~[poi-ooxml-4.1.2.jar:4.1.2]
	at org.apache.poi.xssf.usermodel.XSSFWorkbook.createSheet(XSSFWorkbook.java:123) ~[poi-ooxml-4.1.2.jar:4.1.2]
	at utils.TestDataRepository.writeTestData(TestDataRepository.java:60) ~[test-classes/:?]
	at stepdefinitions.LoginSteps.i_write_new_login_data_to_excel(LoginSteps.java:61) ~[test-classes/:?]
	at jdk.internal.reflect.NativeMethodAccessorImpl.invoke0(Native Method) ~[?:?]
	at jdk.internal.reflect.NativeMethodAccessorImpl.invoke(NativeMethodAccessorImpl.java:62) ~[?:?]
	at jdk.internal.reflect.DelegatingMethodAccessorImpl.invoke(DelegatingMethodAccessorImpl.java:43) ~[?:?]
	at java.lang.reflect.Method.invoke(Method.java:566) ~[?:?]
	at io.cucumber.java.Invoker.doInvoke(Invoker.java:66) ~[cucumber-java-6.9.0.jar:6.9.0]
	at io.cucumber.java.Invoker.invoke(Invoker.java:24) ~[cucumber-java-6.9.0.jar:6.9.0]
	at io.cucumber.java.AbstractGlueDefinition.invokeMethod(AbstractGlueDefinition.java:47) ~[cucumber-java-6.9.0.jar:6.9.0]
	at io.cucumber.java.JavaStepDefinition.execute(JavaStepDefinition.java:29) ~[cucumber-java-6.9.0.jar:6.9.0]
	at io.cucumber.core.runner.CoreStepDefinition.execute(CoreStepDefinition.java:66) ~[cucumber-core-6.9.0.jar:6.9.0]
	at io.cucumber.core.runner.PickleStepDefinitionMatch.runStep(PickleStepDefinitionMatch.java:63) ~[cucumber-core-6.9.0.jar:6.9.0]
	at io.cucumber.core.runner.ExecutionMode$1.execute(ExecutionMode.java:10) ~[cucumber-core-6.9.0.jar:6.9.0]
	at io.cucumber.core.runner.TestStep.executeStep(TestStep.java:92) ~[cucumber-core-6.9.0.jar:6.9.0]
	at io.cucumber.core.runner.TestStep.run(TestStep.java:64) ~[cucumber-core-6.9.0.jar:6.9.0]
	at io.cucumber.core.runner.PickleStepTestStep.run(PickleStepTestStep.java:51) ~[cucumber-core-6.9.0.jar:6.9.0]
	at io.cucumber.core.runner.TestCase.run(TestCase.java:104) ~[cucumber-core-6.9.0.jar:6.9.0]
	at io.cucumber.core.runner.Runner.runPickle(Runner.java:71) ~[cucumber-core-6.9.0.jar:6.9.0]
	at io.cucumber.testng.TestNGCucumberRunner.lambda$runScenario$0(TestNGCucumberRunner.java:116) ~[cucumber-testng-6.9.0.jar:6.9.0]
	at io.cucumber.core.runtime.CucumberExecutionContext.runTestCase(CucumberExecutionContext.java:117) [cucumber-core-6.9.0.jar:6.9.0]
	at io.cucumber.testng.TestNGCucumberRunner.runScenario(TestNGCucumberRunner.java:113) [cucumber-testng-6.9.0.jar:6.9.0]
	at io.cucumber.testng.AbstractTestNGCucumberTests.runScenario(AbstractTestNGCucumberTests.java:31) [cucumber-testng-6.9.0.jar:6.9.0]
	at jdk.internal.reflect.NativeMethodAccessorImpl.invoke0(Native Method) ~[?:?]
	at jdk.internal.reflect.NativeMethodAccessorImpl.invoke(NativeMethodAccessorImpl.java:62) ~[?:?]
	at jdk.internal.reflect.DelegatingMethodAccessorImpl.invoke(DelegatingMethodAccessorImpl.java:43) ~[?:?]
	at java.lang.reflect.Method.invoke(Method.java:566) ~[?:?]
	at org.testng.internal.MethodInvocationHelper.invokeMethod(MethodInvocationHelper.java:124) [testng-6.14.3.jar:?]
	at org.testng.internal.Invoker.invokeMethod(Invoker.java:583) [testng-6.14.3.jar:?]
	at org.testng.internal.Invoker.invokeTestMethod(Invoker.java:719) [testng-6.14.3.jar:?]
	at org.testng.internal.TestMethodWithDataProviderMethodWorker.call(TestMethodWithDataProviderMethodWorker.java:71) [testng-6.14.3.jar:?]
	at org.testng.internal.TestMethodWithDataProviderMethodWorker.call(TestMethodWithDataProviderMethodWorker.java:14) [testng-6.14.3.jar:?]
	at java.util.concurrent.FutureTask.run(FutureTask.java:264) [?:?]
	at java.util.concurrent.Executors$RunnableAdapter.call(Executors.java:515) [?:?]
	at java.util.concurrent.FutureTask.run(FutureTask.java:264) [?:?]
	at java.util.concurrent.ThreadPoolExecutor.runWorker(ThreadPoolExecutor.java:1128) [?:?]
	at java.util.concurrent.ThreadPoolExecutor$Worker.run(ThreadPoolExecutor.java:628) [?:?]
	at java.lang.Thread.run(Thread.java:834) [?:?]
2025-02-23 16:56:58 [TestNG-PoolService-0] INFO  hooks.Hooks - Finished scenario: Login, Status: FAILED
2025-02-23 16:56:58 [TestNG-PoolService-0] INFO  hooks.Hooks - Embedded log file for scenario: Login
2025-02-23 16:56:58 [TestNG-PoolService-0] INFO  utils.BrowserManager - Quitting WebDriver for thread: 17
2025-02-23 16:56:58 [TestNG-PoolService-1] INFO  pages.LoginPage - Clicked login button
2025-02-23 16:56:58 [TestNG-PoolService-1] INFO  pages.LoginPage - Dashboard is displayed
2025-02-23 16:56:58 [TestNG-PoolService-1] INFO  utils.TestDataRepository - Writing test data to Excel for feature: Login.feature, scenario: Successful login with valid credentials
2025-02-23 16:56:58 [TestNG-PoolService-1] ERROR utils.TestDataRepository - Error writing test data to src/test/resources/testdata/Login.xlsx
java.lang.IllegalArgumentException: The workbook already contains a sheet named 'Successful login with valid credentials'
	at org.apache.poi.xssf.usermodel.XSSFWorkbook.validateSheetName(XSSFWorkbook.java:914) ~[poi-ooxml-4.1.2.jar:4.1.2]
	at org.apache.poi.xssf.usermodel.XSSFWorkbook.createSheet(XSSFWorkbook.java:867) ~[poi-ooxml-4.1.2.jar:4.1.2]
	at org.apache.poi.xssf.usermodel.XSSFWorkbook.createSheet(XSSFWorkbook.java:123) ~[poi-ooxml-4.1.2.jar:4.1.2]
	at utils.TestDataRepository.writeTestData(TestDataRepository.java:60) ~[test-classes/:?]
	at stepdefinitions.LoginSteps.i_write_new_login_data_to_excel(LoginSteps.java:61) ~[test-classes/:?]
	at jdk.internal.reflect.NativeMethodAccessorImpl.invoke0(Native Method) ~[?:?]
	at jdk.internal.reflect.NativeMethodAccessorImpl.invoke(NativeMethodAccessorImpl.java:62) ~[?:?]
	at jdk.internal.reflect.DelegatingMethodAccessorImpl.invoke(DelegatingMethodAccessorImpl.java:43) ~[?:?]
	at java.lang.reflect.Method.invoke(Method.java:566) ~[?:?]
	at io.cucumber.java.Invoker.doInvoke(Invoker.java:66) ~[cucumber-java-6.9.0.jar:6.9.0]
	at io.cucumber.java.Invoker.invoke(Invoker.java:24) ~[cucumber-java-6.9.0.jar:6.9.0]
	at io.cucumber.java.AbstractGlueDefinition.invokeMethod(AbstractGlueDefinition.java:47) ~[cucumber-java-6.9.0.jar:6.9.0]
	at io.cucumber.java.JavaStepDefinition.execute(JavaStepDefinition.java:29) ~[cucumber-java-6.9.0.jar:6.9.0]
	at io.cucumber.core.runner.CoreStepDefinition.execute(CoreStepDefinition.java:66) ~[cucumber-core-6.9.0.jar:6.9.0]
	at io.cucumber.core.runner.PickleStepDefinitionMatch.runStep(PickleStepDefinitionMatch.java:63) ~[cucumber-core-6.9.0.jar:6.9.0]
	at io.cucumber.core.runner.ExecutionMode$1.execute(ExecutionMode.java:10) ~[cucumber-core-6.9.0.jar:6.9.0]
	at io.cucumber.core.runner.TestStep.executeStep(TestStep.java:92) ~[cucumber-core-6.9.0.jar:6.9.0]
	at io.cucumber.core.runner.TestStep.run(TestStep.java:64) ~[cucumber-core-6.9.0.jar:6.9.0]
	at io.cucumber.core.runner.PickleStepTestStep.run(PickleStepTestStep.java:51) ~[cucumber-core-6.9.0.jar:6.9.0]
	at io.cucumber.core.runner.TestCase.run(TestCase.java:104) ~[cucumber-core-6.9.0.jar:6.9.0]
	at io.cucumber.core.runner.Runner.runPickle(Runner.java:71) ~[cucumber-core-6.9.0.jar:6.9.0]
	at io.cucumber.testng.TestNGCucumberRunner.lambda$runScenario$0(TestNGCucumberRunner.java:116) ~[cucumber-testng-6.9.0.jar:6.9.0]
	at io.cucumber.core.runtime.CucumberExecutionContext.runTestCase(CucumberExecutionContext.java:117) [cucumber-core-6.9.0.jar:6.9.0]
	at io.cucumber.testng.TestNGCucumberRunner.runScenario(TestNGCucumberRunner.java:113) [cucumber-testng-6.9.0.jar:6.9.0]
	at io.cucumber.testng.AbstractTestNGCucumberTests.runScenario(AbstractTestNGCucumberTests.java:31) [cucumber-testng-6.9.0.jar:6.9.0]
	at jdk.internal.reflect.NativeMethodAccessorImpl.invoke0(Native Method) ~[?:?]
	at jdk.internal.reflect.NativeMethodAccessorImpl.invoke(NativeMethodAccessorImpl.java:62) ~[?:?]
	at jdk.internal.reflect.DelegatingMethodAccessorImpl.invoke(DelegatingMethodAccessorImpl.java:43) ~[?:?]
	at java.lang.reflect.Method.invoke(Method.java:566) ~[?:?]
	at org.testng.internal.MethodInvocationHelper.invokeMethod(MethodInvocationHelper.java:124) [testng-6.14.3.jar:?]
	at org.testng.internal.Invoker.invokeMethod(Invoker.java:583) [testng-6.14.3.jar:?]
	at org.testng.internal.Invoker.invokeTestMethod(Invoker.java:719) [testng-6.14.3.jar:?]
	at org.testng.internal.TestMethodWithDataProviderMethodWorker.call(TestMethodWithDataProviderMethodWorker.java:71) [testng-6.14.3.jar:?]
	at org.testng.internal.TestMethodWithDataProviderMethodWorker.call(TestMethodWithDataProviderMethodWorker.java:14) [testng-6.14.3.jar:?]
	at java.util.concurrent.FutureTask.run(FutureTask.java:264) [?:?]
	at java.util.concurrent.Executors$RunnableAdapter.call(Executors.java:515) [?:?]
	at java.util.concurrent.FutureTask.run(FutureTask.java:264) [?:?]
	at java.util.concurrent.ThreadPoolExecutor.runWorker(ThreadPoolExecutor.java:1128) [?:?]
	at java.util.concurrent.ThreadPoolExecutor$Worker.run(ThreadPoolExecutor.java:628) [?:?]
	at java.lang.Thread.run(Thread.java:834) [?:?]
2025-02-23 16:56:58 [TestNG-PoolService-1] INFO  hooks.Hooks - Finished scenario: Login, Status: FAILED
2025-02-23 16:56:58 [TestNG-PoolService-1] INFO  hooks.Hooks - Embedded log file for scenario: Login
2025-02-23 16:56:58 [TestNG-PoolService-1] INFO  utils.BrowserManager - Quitting WebDriver for thread: 18
