2025-02-23 04:44:11 [TestNG-PoolService-0] INFO  hooks.Hooks - Starting scenario: Successful_login_with_valid_credentials from feature: Login.feature
2025-02-23 04:44:11 [TestNG-PoolService-0] INFO  utils.ExcelDataProvider - Loading test data for feature: Login.feature, scenario: Successful login with valid credentials
2025-02-23 04:44:11 [TestNG-PoolService-0] ERROR utils.ExcelDataProvider - Sheet 'Successful login with valid credentials' not found in src/test/resources/testdata/Login.xlsx
2025-02-23 04:44:11 [TestNG-PoolService-0] ERROR utils.ExcelDataProvider - Error loading test data from src/test/resources/testdata/Login.xlsx
java.lang.RuntimeException: Sheet 'Successful login with valid credentials' not found in src/test/resources/testdata/Login.xlsx
	at utils.ExcelDataProvider.loadTestData(ExcelDataProvider.java:27) ~[test-classes/:?]
	at hooks.Hooks.setUp(Hooks.java:34) ~[test-classes/:?]
	at jdk.internal.reflect.NativeMethodAccessorImpl.invoke0(Native Method) ~[?:?]
	at jdk.internal.reflect.NativeMethodAccessorImpl.invoke(NativeMethodAccessorImpl.java:62) ~[?:?]
	at jdk.internal.reflect.DelegatingMethodAccessorImpl.invoke(DelegatingMethodAccessorImpl.java:43) ~[?:?]
	at java.lang.reflect.Method.invoke(Method.java:566) ~[?:?]
	at io.cucumber.java.Invoker.doInvoke(Invoker.java:66) ~[cucumber-java-6.9.0.jar:6.9.0]
	at io.cucumber.java.Invoker.invoke(Invoker.java:24) ~[cucumber-java-6.9.0.jar:6.9.0]
	at io.cucumber.java.AbstractGlueDefinition.invokeMethod(AbstractGlueDefinition.java:47) ~[cucumber-java-6.9.0.jar:6.9.0]
	at io.cucumber.java.JavaHookDefinition.execute(JavaHookDefinition.java:59) ~[cucumber-java-6.9.0.jar:6.9.0]
	at io.cucumber.core.runner.CoreHookDefinition.execute(CoreHookDefinition.java:46) ~[cucumber-core-6.9.0.jar:6.9.0]
	at io.cucumber.core.runner.HookDefinitionMatch.runStep(HookDefinitionMatch.java:21) ~[cucumber-core-6.9.0.jar:6.9.0]
	at io.cucumber.core.runner.ExecutionMode$1.execute(ExecutionMode.java:10) ~[cucumber-core-6.9.0.jar:6.9.0]
	at io.cucumber.core.runner.TestStep.executeStep(TestStep.java:92) ~[cucumber-core-6.9.0.jar:6.9.0]
	at io.cucumber.core.runner.TestStep.run(TestStep.java:64) ~[cucumber-core-6.9.0.jar:6.9.0]
	at io.cucumber.core.runner.TestCase.run(TestCase.java:98) ~[cucumber-core-6.9.0.jar:6.9.0]
	at io.cucumber.core.runner.Runner.runPickle(Runner.java:71) ~[cucumber-core-6.9.0.jar:6.9.0]
	at io.cucumber.testng.TestNGCucumberRunner.lambda$runScenario$0(TestNGCucumberRunner.java:116) ~[cucumber-testng-6.9.0.jar:6.9.0]
	at io.cucumber.core.runtime.CucumberExecutionContext.runTestCase(CucumberExecutionContext.java:117) [cucumber-core-6.9.0.jar:6.9.0]
	at io.cucumber.testng.TestNGCucumberRunner.runScenario(TestNGCucumberRunner.java:113) [cucumber-testng-6.9.0.jar:6.9.0]
	at io.cucumber.testng.AbstractTestNGCucumberTests.runScenario(AbstractTestNGCucumberTests.java:31) [cucumber-testng-6.9.0.jar:6.9.0]
	at jdk.internal.reflect.NativeMethodAccessorImpl.invoke0(Native Method) ~[?:?]
	at jdk.internal.reflect.NativeMethodAccessorImpl.invoke(NativeMethodAccessorImpl.java:62) ~[?:?]
	at jdk.internal.reflect.DelegatingMethodAccessorImpl.invoke(DelegatingMethodAccessorImpl.java:43) ~[?:?]
	at java.lang.reflect.Method.invoke(Method.java:566) ~[?:?]
	at org.testng.internal.MethodInvocationHelper.invokeMethod(MethodInvocationHelper.java:124) [testng-6.14.3.jar:?]
	at org.testng.internal.Invoker.invokeMethod(Invoker.java:583) [testng-6.14.3.jar:?]
	at org.testng.internal.Invoker.invokeTestMethod(Invoker.java:719) [testng-6.14.3.jar:?]
	at org.testng.internal.TestMethodWithDataProviderMethodWorker.call(TestMethodWithDataProviderMethodWorker.java:71) [testng-6.14.3.jar:?]
	at org.testng.internal.TestMethodWithDataProviderMethodWorker.call(TestMethodWithDataProviderMethodWorker.java:14) [testng-6.14.3.jar:?]
	at java.util.concurrent.FutureTask.run(FutureTask.java:264) [?:?]
	at java.util.concurrent.Executors$RunnableAdapter.call(Executors.java:515) [?:?]
	at java.util.concurrent.FutureTask.run(FutureTask.java:264) [?:?]
	at java.util.concurrent.ThreadPoolExecutor.runWorker(ThreadPoolExecutor.java:1128) [?:?]
	at java.util.concurrent.ThreadPoolExecutor$Worker.run(ThreadPoolExecutor.java:628) [?:?]
	at java.lang.Thread.run(Thread.java:834) [?:?]
2025-02-23 04:44:11 [TestNG-PoolService-0] INFO  hooks.Hooks - Finished scenario: Successful login with valid credentials, Status: FAILED
2025-02-23 04:44:11 [TestNG-PoolService-0] INFO  hooks.Hooks - Embedded log file for scenario: Successful login with valid credentials into report
2025-02-23 04:44:11 [TestNG-PoolService-0] INFO  utils.BrowserManager - Loaded configuration from config.properties
